<?xml version="1.0" encoding="UTF-8"?>
<testsuite name="MusicAdvisorTest" tests="1" skipped="0" failures="0" errors="0" timestamp="2020-08-06T17:22:13" hostname="DESKTOP-RLTM6OB" time="8.998">
  <properties/>
  <testcase name="start" classname="MusicAdvisorTest" time="8.998"/>
  <system-out><![CDATA[?[1;31m
Start test 1?[0m
> new
Please, provide access for application.
> exit
---GOODBYE!---
?[1;31m
Start test 2?[0m
> featured
Please, provide access for application.
> exit
---GOODBYE!---
?[1;31m
Start test 3?[0m
> categories
Please, provide access for application.
> exit
---GOODBYE!---
?[1;31m
Start test 4?[0m
> playlists Party Time
Please, provide access for application.
> exit
---GOODBYE!---
?[1;31m
Start test 5?[0m
> auth
use this link to request the access code:
http://127.0.0.1:45678/authorize?client_id=c272e24c020d428f848594eea7f5199d&redirect_uri=http://localhost:8080&response_type=code
waiting for code...
Tester: making requests to redirect uri: http://localhost:8080
Tester: done request 1: Not found authorization code. Try again.
Tester: done request 2: Not found authorization code. Try again.
Tester: done request 3: Got the code. Return back to your program.
code received
making http request for access_token...
Success!
> exit
---GOODBYE!---
?[1;31m
Start test 6?[0m
> auth
use this link to request the access code:
http://127.0.0.1:45678/authorize?client_id=c272e24c020d428f848594eea7f5199d&redirect_uri=http://localhost:8080&response_type=code
waiting for code...
Tester: making requests to redirect uri: http://localhost:8080
Tester: done request 1: Not found authorization code. Try again.
Tester: done request 2: Not found authorization code. Try again.
Tester: done request 3: Got the code. Return back to your program.
code received
making http request for access_token...
Success!
> new
Runnin'
[Pharrell Williams]
https://open.spotify.com/album/5ZX4m5aVSmWQ5iHAPQpT71

Sneakin'
[Drake2, Drake3]
https://open.spotify.com/album/0geTzdk2InlqIoB16fW9Nd

> exit
---GOODBYE!---
?[1;31m
Start test 7?[0m
> auth
use this link to request the access code:
http://127.0.0.1:45678/authorize?client_id=c272e24c020d428f848594eea7f5199d&redirect_uri=http://localhost:8080&response_type=code
waiting for code...
Tester: making requests to redirect uri: http://localhost:8080
Tester: done request 1: Not found authorization code. Try again.
Tester: done request 2: Not found authorization code. Try again.
Tester: done request 3: Got the code. Return back to your program.
code received
making http request for access_token...
Success!
> categories
Super Mood
Top Lists
Party Time
> exit
---GOODBYE!---
?[1;31m
Start test 8?[0m
> auth
use this link to request the access code:
http://127.0.0.1:45678/authorize?client_id=c272e24c020d428f848594eea7f5199d&redirect_uri=http://localhost:8080&response_type=code
waiting for code...
Tester: making requests to redirect uri: http://localhost:8080
Tester: done request 1: Not found authorization code. Try again.
Tester: done request 2: Not found authorization code. Try again.
Tester: done request 3: Got the code. Return back to your program.
code received
making http request for access_token...
Success!
> featured
Monday Morning Mood
http://open.spotify.com/user/spotify/playlist/6ftJBzU2LLQcaKefMi7ee7

Upp och hoppa!
http://open.spotify.com/user/spotify__sverige/playlist/4uOEx4OUrkoGNZoIlWMUbO

> exit
---GOODBYE!---
?[1;31m
Start test 9?[0m
> auth
use this link to request the access code:
http://127.0.0.1:45678/authorize?client_id=c272e24c020d428f848594eea7f5199d&redirect_uri=http://localhost:8080&response_type=code
waiting for code...
Tester: making requests to redirect uri: http://localhost:8080
Tester: done request 1: Not found authorization code. Try again.
Tester: done request 2: Not found authorization code. Try again.
Tester: done request 3: Got the code. Return back to your program.
code received
making http request for access_token...
Success!
> playlists Party Time
Noite Eletronica
http://open.spotify.com/user/spotifybrazilian/playlist/4k7EZPI3uKMz4aRRrLVfen

Festa Indie
http://open.spotify.com/user/spotifybrazilian/playlist/4HZh0C9y80GzHDbHZyX770

> exit
---GOODBYE!---
?[1;31m
Start test 10?[0m
> auth
use this link to request the access code:
http://127.0.0.1:45678/authorize?client_id=c272e24c020d428f848594eea7f5199d&redirect_uri=http://localhost:8080&response_type=code
waiting for code...
Tester: making requests to redirect uri: http://localhost:8080
Tester: done request 1: Not found authorization code. Try again.
Tester: done request 2: Not found authorization code. Try again.
Tester: done request 3: Got the code. Return back to your program.
code received
making http request for access_token...
Success!
> playlists Party Time
Noite Eletronica
http://open.spotify.com/user/spotifybrazilian/playlist/4k7EZPI3uKMz4aRRrLVfen

Festa Indie
http://open.spotify.com/user/spotifybrazilian/playlist/4HZh0C9y80GzHDbHZyX770

> exit
---GOODBYE!---
?[1;31m
Start test 11?[0m
> auth
use this link to request the access code:
http://127.0.0.1:45678/authorize?client_id=c272e24c020d428f848594eea7f5199d&redirect_uri=http://localhost:8080&response_type=code
waiting for code...
Tester: making requests to redirect uri: http://localhost:8080
Tester: done request 1: Not found authorization code. Try again.
Tester: done request 2: Not found authorization code. Try again.
Tester: done request 3: Got the code. Return back to your program.
code received
making http request for access_token...
Success!
> playlists Top Lists
Test unpredictable error message
> exit
---GOODBYE!---
]]></system-out>
  <system-err><![CDATA[]]></system-err>
</testsuite>
