<?xml version="1.0" encoding="UTF-8"?>
<testsuite name="MusicAdvisorTest" tests="1" skipped="0" failures="0" errors="0" timestamp="2020-07-30T18:11:13" hostname="DESKTOP-RLTM6OB" time="0.113">
  <properties/>
  <testcase name="start" classname="MusicAdvisorTest" time="0.113"/>
  <system-out><![CDATA[?[1;31m
Start test 1?[0m
> new
---NEW RELEASES---
Mountains [Sia, Diplo, Labrinth]
Runaway [Lil Peep]
The Greatest Show [Panic! At The Disco]
All Out Life [Slipknot]
> featured
---FEATURED---
Mellow Morning
Wake Up and Smell the Coffee
Monday Motivation
Songs to Sing in the Shower
> categories
---CATEGORIES---
Top Lists
Pop
Mood
Latin
> playlists Mood
---MOOD PLAYLISTS---
Top Lists
Pop
Mood
Latin
> exit
---GOODBYE!---
]]></system-out>
  <system-err><![CDATA[]]></system-err>
</testsuite>
